<?xml version="1.0" encoding="UTF-8"?>
<!-- Generated by org.testng.reporters.JUnitXMLReporter -->
<testsuite ignored="0" hostname="LAPTOP-GH9GCSMR" failures="0" tests="1" name="Test-Runner-2" time="28.972" errors="0" timestamp="2024-01-03T21:25:22 EST">
  <testcase classname="createTest.CreateContactTestWithLeadSourceWithBaseClass" name="CreateContactTestWithLeadSource" time="16.996"/>
</testsuite> <!-- Test-Runner-2 -->
