<?xml version="1.0" encoding="UTF-8"?>
<!-- Generated by org.testng.reporters.JUnitXMLReporter -->
<testsuite ignored="0" hostname="LAPTOP-GH9GCSMR" failures="0" tests="1" name="Test-Runner-1" time="29.726" errors="0" timestamp="2024-01-03T21:25:23 EST">
  <testcase classname="createTest.CreateContactTestWithBaseClass" name="ContactTest" time="17.776"/>
</testsuite> <!-- Test-Runner-1 -->
