<?xml version="1.0" encoding="UTF-8"?>
<!-- Generated by org.testng.reporters.JUnitXMLReporter -->
<testsuite ignored="0" hostname="LAPTOP-GH9GCSMR" failures="0" tests="1" name="Test-Runner-Edge" time="26.505" errors="0" timestamp="2024-01-03T22:13:36 EST">
  <testcase classname="createTest.CreateContactTestWithBaseClass" name="ContactTest" time="15.576"/>
</testsuite> <!-- Test-Runner-Edge -->
