<?xml version="1.0" encoding="UTF-8"?>
<!-- Generated by org.testng.reporters.JUnitReportReporter -->
<testsuite hostname="LAPTOP-GH9GCSMR" failures="0" tests="1" name="createTest.CreateContactTestWithBaseClass" time="44.736" errors="0" timestamp="2024-01-24T21:56:17 EST" skipped="0">
  <testcase classname="createTest.CreateContactTestWithBaseClass" name="ContactTest" time="44.736"/>
</testsuite> <!-- createTest.CreateContactTestWithBaseClass -->
