<?xml version="1.0" encoding="UTF-8"?>
<!-- Generated by org.testng.reporters.JUnitReportReporter -->
<testsuite hostname="LAPTOP-GH9GCSMR" failures="0" tests="1" name="createTest.CreateContactTestWithLeadSource" time="32.523" errors="0" timestamp="2024-01-02T21:07:22 EST" skipped="0">
  <testcase classname="createTest.CreateContactTestWithLeadSource" name="ContactTestWithLeadSource" time="32.523"/>
</testsuite> <!-- createTest.CreateContactTestWithLeadSource -->
