<?xml version="1.0" encoding="UTF-8"?>
<!-- Generated by org.testng.reporters.JUnitReportReporter -->
<testsuite hostname="LAPTOP-GH9GCSMR" failures="0" tests="1" name="practice.AssertionsPractice" time="0.006" errors="0" timestamp="2024-01-01T21:54:27 EST" skipped="0">
  <testcase classname="practice.AssertionsPractice" name="sample" time="0.006"/>
</testsuite> <!-- practice.AssertionsPractice -->
