<?xml version="1.0" encoding="UTF-8"?>
<!-- Generated by org.testng.reporters.JUnitReportReporter -->
<testsuite hostname="LAPTOP-GH9GCSMR" failures="0" tests="1" name="createTest.CreateContactTest" time="26.896" errors="0" timestamp="2024-01-02T21:07:22 EST" skipped="0">
  <testcase classname="createTest.CreateContactTest" name="ContactTest" time="26.896"/>
</testsuite> <!-- createTest.CreateContactTest -->
