<?xml version="1.0" encoding="UTF-8"?>
<!-- Generated by org.testng.reporters.JUnitReportReporter -->
<testsuite hostname="LAPTOP-GH9GCSMR" failures="0" tests="1" name="practice.ReadDataFromCmdLine" time="0.007" errors="0" timestamp="2024-01-15T21:29:25 EST" skipped="0">
  <testcase classname="practice.ReadDataFromCmdLine" name="sample" time="0.007"/>
</testsuite> <!-- practice.ReadDataFromCmdLine -->
